2024-12-05 13:36:49 - org.springframework.data.repository.config.RepositoryConfigurationDelegate - Bootstrapping Spring Data JPA repositories in DEFAULT mode.
2024-12-05 13:36:49 - org.springframework.data.repository.config.RepositoryConfigurationDelegate - Finished Spring Data repository scanning in 117 ms. Found 4 JPA repository interfaces.
2024-12-05 13:36:50 - org.hibernate.jpa.internal.util.LogHelper - HHH000204: Processing PersistenceUnitInfo [name: default]
2024-12-05 13:36:51 - org.hibernate.Version - HHH000412: Hibernate ORM core version 6.6.2.Final
2024-12-05 13:36:51 - org.hibernate.cache.internal.RegionFactoryInitiator - HHH000026: Second-level cache disabled
2024-12-05 13:36:51 - org.springframework.orm.jpa.persistenceunit.SpringPersistenceUnitInfo - No LoadTimeWeaver setup: ignoring JPA class transformer
2024-12-05 13:36:51 - com.zaxxer.hikari.HikariDataSource - HikariPool-1 - Starting...
2024-12-05 13:36:52 - com.zaxxer.hikari.pool.HikariPool - HikariPool-1 - Added connection com.mysql.cj.jdbc.ConnectionImpl@56da8847
2024-12-05 13:36:52 - com.zaxxer.hikari.HikariDataSource - HikariPool-1 - Start completed.
2024-12-05 13:36:52 - org.hibernate.orm.connections.pooling - HHH10001005: Database info:
	Database JDBC URL [Connecting through datasource 'HikariDataSource (HikariPool-1)']
	Database driver: undefined/unknown
	Database version: 8.4
	Autocommit mode: undefined/unknown
	Isolation level: undefined/unknown
	Minimum pool size: undefined/unknown
	Maximum pool size: undefined/unknown
2024-12-05 13:36:53 - org.hibernate.engine.transaction.jta.platform.internal.JtaPlatformInitiator - HHH000489: No JTA platform available (set 'hibernate.transaction.jta.platform' to enable JTA platform integration)
2024-12-05 13:36:53 - org.springframework.orm.jpa.LocalContainerEntityManagerFactoryBean - Initialized JPA EntityManagerFactory for persistence unit 'default'
2024-12-05 13:36:55 - org.springframework.data.jpa.repository.query.QueryEnhancerFactory - Hibernate is in classpath; If applicable, HQL parser will be used.
2024-12-05 13:36:56 - org.springframework.boot.autoconfigure.orm.jpa.JpaBaseConfiguration$JpaWebConfiguration - spring.jpa.open-in-view is enabled by default. Therefore, database queries may be performed during view rendering. Explicitly configure spring.jpa.open-in-view to disable this warning
2024-12-05 13:36:58 - org.springframework.boot.actuate.endpoint.web.EndpointLinksResolver - Exposing 1 endpoint beneath base path '/actuator'
2024-12-05 13:36:59 - org.springframework.orm.jpa.LocalContainerEntityManagerFactoryBean - Closing JPA EntityManagerFactory for persistence unit 'default'
2024-12-05 13:36:59 - com.zaxxer.hikari.HikariDataSource - HikariPool-1 - Shutdown initiated...
2024-12-05 13:36:59 - com.zaxxer.hikari.HikariDataSource - HikariPool-1 - Shutdown completed.
2024-12-05 13:38:41 - org.springframework.data.repository.config.RepositoryConfigurationDelegate - Bootstrapping Spring Data JPA repositories in DEFAULT mode.
2024-12-05 13:38:41 - org.springframework.data.repository.config.RepositoryConfigurationDelegate - Finished Spring Data repository scanning in 93 ms. Found 4 JPA repository interfaces.
2024-12-05 13:38:42 - org.hibernate.jpa.internal.util.LogHelper - HHH000204: Processing PersistenceUnitInfo [name: default]
2024-12-05 13:38:42 - org.hibernate.Version - HHH000412: Hibernate ORM core version 6.6.2.Final
2024-12-05 13:38:42 - org.hibernate.cache.internal.RegionFactoryInitiator - HHH000026: Second-level cache disabled
2024-12-05 13:38:43 - org.springframework.orm.jpa.persistenceunit.SpringPersistenceUnitInfo - No LoadTimeWeaver setup: ignoring JPA class transformer
2024-12-05 13:38:43 - com.zaxxer.hikari.HikariDataSource - HikariPool-1 - Starting...
2024-12-05 13:38:43 - com.zaxxer.hikari.pool.HikariPool - HikariPool-1 - Added connection com.mysql.cj.jdbc.ConnectionImpl@4552f905
2024-12-05 13:38:43 - com.zaxxer.hikari.HikariDataSource - HikariPool-1 - Start completed.
2024-12-05 13:38:43 - org.hibernate.orm.connections.pooling - HHH10001005: Database info:
	Database JDBC URL [Connecting through datasource 'HikariDataSource (HikariPool-1)']
	Database driver: undefined/unknown
	Database version: 8.4
	Autocommit mode: undefined/unknown
	Isolation level: undefined/unknown
	Minimum pool size: undefined/unknown
	Maximum pool size: undefined/unknown
2024-12-05 13:38:44 - org.hibernate.engine.transaction.jta.platform.internal.JtaPlatformInitiator - HHH000489: No JTA platform available (set 'hibernate.transaction.jta.platform' to enable JTA platform integration)
2024-12-05 13:38:44 - org.springframework.orm.jpa.LocalContainerEntityManagerFactoryBean - Initialized JPA EntityManagerFactory for persistence unit 'default'
2024-12-05 13:38:45 - org.springframework.data.jpa.repository.query.QueryEnhancerFactory - Hibernate is in classpath; If applicable, HQL parser will be used.
2024-12-05 13:38:47 - org.springframework.boot.autoconfigure.orm.jpa.JpaBaseConfiguration$JpaWebConfiguration - spring.jpa.open-in-view is enabled by default. Therefore, database queries may be performed during view rendering. Explicitly configure spring.jpa.open-in-view to disable this warning
2024-12-05 13:38:49 - org.springframework.boot.actuate.endpoint.web.EndpointLinksResolver - Exposing 1 endpoint beneath base path '/actuator'
2024-12-05 13:38:50 - org.springframework.orm.jpa.LocalContainerEntityManagerFactoryBean - Closing JPA EntityManagerFactory for persistence unit 'default'
2024-12-05 13:38:50 - com.zaxxer.hikari.HikariDataSource - HikariPool-1 - Shutdown initiated...
2024-12-05 13:38:50 - com.zaxxer.hikari.HikariDataSource - HikariPool-1 - Shutdown completed.
